{"/Users/dan/Code/JS/Node/gutenberg/src/ds.js": {"path":"/Users/dan/Code/JS/Node/gutenberg/src/ds.js","statementMap":{"0":{"start":{"line":1,"column":14},"end":{"line":1,"column":30}},"1":{"start":{"line":11,"column":34},"end":{"line":11,"column":61}},"2":{"start":{"line":12,"column":33},"end":{"line":12,"column":59}},"3":{"start":{"line":13,"column":21},"end":{"line":13,"column":32}},"4":{"start":{"line":14,"column":2},"end":{"line":41,"column":3}},"5":{"start":{"line":15,"column":21},"end":{"line":17,"column":5}},"6":{"start":{"line":18,"column":17},"end":{"line":18,"column":30}},"7":{"start":{"line":19,"column":26},"end":{"line":19,"column":50}},"8":{"start":{"line":20,"column":21},"end":{"line":37,"column":8}},"9":{"start":{"line":23,"column":19},"end":{"line":23,"column":34}},"10":{"start":{"line":24,"column":19},"end":{"line":24,"column":26}},"11":{"start":{"line":25,"column":19},"end":{"line":25,"column":50}},"12":{"start":{"line":27,"column":26},"end":{"line":27,"column":57}},"13":{"start":{"line":28,"column":23},"end":{"line":28,"column":35}},"14":{"start":{"line":29,"column":21},"end":{"line":29,"column":48}},"15":{"start":{"line":30,"column":22},"end":{"line":30,"column":29}},"16":{"start":{"line":31,"column":23},"end":{"line":31,"column":30}},"17":{"start":{"line":32,"column":8},"end":{"line":36,"column":9}},"18":{"start":{"line":38,"column":4},"end":{"line":38,"column":19}},"19":{"start":{"line":40,"column":4},"end":{"line":40,"column":13}},"20":{"start":{"line":50,"column":2},"end":{"line":55,"column":3}},"21":{"start":{"line":51,"column":18},"end":{"line":51,"column":36}},"22":{"start":{"line":52,"column":4},"end":{"line":52,"column":53}},"23":{"start":{"line":52,"column":32},"end":{"line":52,"column":49}},"24":{"start":{"line":54,"column":4},"end":{"line":54,"column":13}},"25":{"start":{"line":62,"column":2},"end":{"line":67,"column":3}},"26":{"start":{"line":63,"column":18},"end":{"line":63,"column":36}},"27":{"start":{"line":64,"column":4},"end":{"line":64,"column":74}},"28":{"start":{"line":64,"column":29},"end":{"line":64,"column":40}},"29":{"start":{"line":64,"column":59},"end":{"line":64,"column":73}},"30":{"start":{"line":66,"column":4},"end":{"line":66,"column":13}},"31":{"start":{"line":70,"column":0},"end":{"line":70,"column":38}},"32":{"start":{"line":71,"column":0},"end":{"line":71,"column":44}},"33":{"start":{"line":72,"column":0},"end":{"line":72,"column":42}}},"fnMap":{"0":{"name":"fetchBooks","decl":{"start":{"line":10,"column":15},"end":{"line":10,"column":25}},"loc":{"start":{"line":10,"column":28},"end":{"line":42,"column":1}},"line":10},"1":{"name":"(anonymous_1)","decl":{"start":{"line":23,"column":14},"end":{"line":23,"column":15}},"loc":{"start":{"line":23,"column":19},"end":{"line":23,"column":34}},"line":23},"2":{"name":"(anonymous_2)","decl":{"start":{"line":24,"column":14},"end":{"line":24,"column":15}},"loc":{"start":{"line":24,"column":19},"end":{"line":24,"column":26}},"line":24},"3":{"name":"(anonymous_3)","decl":{"start":{"line":25,"column":14},"end":{"line":25,"column":15}},"loc":{"start":{"line":25,"column":19},"end":{"line":25,"column":50}},"line":25},"4":{"name":"(anonymous_4)","decl":{"start":{"line":26,"column":11},"end":{"line":26,"column":12}},"loc":{"start":{"line":26,"column":16},"end":{"line":37,"column":7}},"line":26},"5":{"name":"fetchBookById","decl":{"start":{"line":49,"column":15},"end":{"line":49,"column":28}},"loc":{"start":{"line":49,"column":33},"end":{"line":56,"column":1}},"line":49},"6":{"name":"(anonymous_6)","decl":{"start":{"line":52,"column":24},"end":{"line":52,"column":25}},"loc":{"start":{"line":52,"column":32},"end":{"line":52,"column":49}},"line":52},"7":{"name":"fetchAuthors","decl":{"start":{"line":61,"column":15},"end":{"line":61,"column":27}},"loc":{"start":{"line":61,"column":30},"end":{"line":68,"column":1}},"line":61},"8":{"name":"(anonymous_8)","decl":{"start":{"line":64,"column":21},"end":{"line":64,"column":22}},"loc":{"start":{"line":64,"column":29},"end":{"line":64,"column":40}},"line":64},"9":{"name":"(anonymous_9)","decl":{"start":{"line":64,"column":49},"end":{"line":64,"column":50}},"loc":{"start":{"line":64,"column":59},"end":{"line":64,"column":73}},"line":64}},"branchMap":{},"s":{"0":1,"1":1,"2":1,"3":1,"4":1,"5":1,"6":1,"7":1,"8":1,"9":5832,"10":5831,"11":3760,"12":1423,"13":1423,"14":1423,"15":1423,"16":1423,"17":1423,"18":1,"19":0,"20":0,"21":0,"22":0,"23":0,"24":0,"25":0,"26":0,"27":0,"28":0,"29":0,"30":0,"31":1,"32":1,"33":1},"f":{"0":1,"1":5832,"2":5831,"3":3760,"4":1423,"5":0,"6":0,"7":0,"8":0,"9":0},"b":{},"_coverageSchema":"43e27e138ebf9cfc5966b082cf9a028302ed4184","hash":"372a63c6542b24855ecf9b6da19ea40b210c58ad"}
}
