TN:
SF:/Users/dan/Code/JS/Node/gutenberg/src/ds.js
FN:10,fetchBooks
FN:23,(anonymous_1)
FN:24,(anonymous_2)
FN:25,(anonymous_3)
FN:26,(anonymous_4)
FN:49,fetchBookById
FN:52,(anonymous_6)
FN:61,fetchAuthors
FN:64,(anonymous_8)
FN:64,(anonymous_9)
FNF:10
FNH:5
FNDA:1,fetchBooks
FNDA:5832,(anonymous_1)
FNDA:5831,(anonymous_2)
FNDA:3760,(anonymous_3)
FNDA:1423,(anonymous_4)
FNDA:0,fetchBookById
FNDA:0,(anonymous_6)
FNDA:0,fetchAuthors
FNDA:0,(anonymous_8)
FNDA:0,(anonymous_9)
DA:1,1
DA:11,1
DA:12,1
DA:13,1
DA:14,1
DA:15,1
DA:18,1
DA:19,1
DA:20,1
DA:23,5832
DA:24,5831
DA:25,3760
DA:27,1423
DA:28,1423
DA:29,1423
DA:30,1423
DA:31,1423
DA:32,1423
DA:38,1
DA:40,0
DA:50,0
DA:51,0
DA:52,0
DA:54,0
DA:62,0
DA:63,0
DA:64,0
DA:66,0
DA:70,1
DA:71,1
DA:72,1
LF:31
LH:22
BRF:0
BRH:0
end_of_record
